SF:lib\main.dart
DA:5,0
DA:6,0
DA:10,1
DA:12,1
DA:14,2
DA:15,1
DA:16,1
DA:18,1
DA:24,1
DA:25,1
DA:32,1
DA:34,1
DA:35,1
DA:36,1
DA:37,2
DA:38,1
DA:44,1
DA:45,1
DA:46,1
DA:47,0
DA:48,0
DA:49,0
DA:58,1
DA:60,1
DA:61,1
DA:67,1
DA:69,1
DA:70,1
DA:71,1
DA:73,1
DA:75,1
DA:76,1
DA:77,2
DA:78,1
DA:79,2
DA:80,1
DA:81,1
DA:82,1
DA:83,1
DA:84,1
DA:85,1
DA:87,1
DA:91,1
DA:92,1
DA:93,1
DA:94,3
DA:95,4
DA:97,1
DA:99,1
DA:115,1
DA:117,1
DA:119,1
DA:120,2
DA:121,1
DA:123,1
DA:125,1
DA:126,4
DA:127,1
DA:128,1
DA:129,1
DA:130,5
DA:131,0
DA:132,0
DA:133,0
DA:135,1
DA:136,1
DA:137,1
DA:138,1
DA:139,0
DA:140,0
DA:142,1
DA:144,1
DA:145,1
DA:146,0
DA:148,0
DA:150,1
DA:165,1
DA:167,1
DA:169,2
DA:170,1
DA:172,1
DA:173,1
DA:174,1
DA:175,1
DA:177,1
DA:178,1
DA:180,1
DA:181,3
DA:193,0
DA:195,0
DA:196,0
DA:204,0
DA:206,0
DA:207,0
DA:208,0
DA:211,0
DA:212,0
DA:213,0
DA:217,0
DA:218,0
DA:219,0
DA:220,0
DA:221,0
DA:222,0
DA:223,0
DA:224,0
DA:225,0
DA:231,0
DA:232,0
DA:233,0
DA:234,0
DA:235,0
DA:239,0
DA:240,0
DA:241,0
DA:242,0
DA:243,0
DA:244,0
DA:249,0
DA:251,0
DA:252,0
DA:255,0
DA:257,0
DA:258,0
DA:259,0
DA:261,0
DA:262,0
DA:263,0
DA:264,0
DA:265,0
DA:266,0
DA:267,0
DA:269,0
DA:270,0
DA:271,0
DA:272,0
DA:273,0
DA:274,0
DA:278,0
DA:279,0
DA:294,0
DA:296,0
DA:298,0
DA:299,0
DA:300,0
DA:301,0
DA:302,0
DA:304,0
DA:305,0
DA:307,0
DA:308,0
DA:311,0
DA:313,0
DA:316,0
DA:319,0
DA:320,0
DA:324,0
DA:326,0
DA:330,0
DA:331,0
DA:333,0
LF:161
LH:76
end_of_record
